2026-04-03 18:58:20 +02:00: 🔌 Verificando conexión a MySQL...
2026-04-03 18:58:20 +02:00: ✅ Conexión a base de datos establecida
2026-04-03 18:58:20 +02:00: 
2026-04-03 18:58:20 +02:00: ========================================
2026-04-03 18:58:20 +02:00:   🚀 GPS Logger API
2026-04-03 18:58:20 +02:00: ========================================
2026-04-03 18:58:20 +02:00: 
2026-04-03 18:58:20 +02:00: Servidor: http://localhost:3005
2026-04-03 18:58:20 +02:00: Interfaz: http://localhost:3005
2026-04-03 18:58:20 +02:00: API GPS:  POST http://localhost:3005/api/track
2026-04-03 18:58:20 +02:00: API GET:  GET  http://localhost:3005/api/tracks/:route_name
2026-04-03 18:58:20 +02:00: API Last: GET  http://localhost:3005/api/tracks/:route_name/latest
2026-04-03 18:58:20 +02:00: 
2026-04-03 18:58:20 +02:00: 📖 Parámetros GET:
2026-04-03 18:58:20 +02:00:    ?format=geojson  - Formato GeoJSON para Leaflet
2026-04-03 18:58:20 +02:00: 
2026-04-03 18:58:20 +02:00: 💻 Comandos:
2026-04-03 18:58:20 +02:00:    npm run db:build  - Crear base de datos
2026-04-03 18:58:20 +02:00:    npm start         - Iniciar servidor
2026-04-03 18:58:20 +02:00:    npm run dev       - Desarrollo con recarga
2026-04-03 18:58:20 +02:00: 
2026-04-03 23:03:47 +02:00: ValidationError: The 'X-Forwarded-For' header is set but the Express 'trust proxy' setting is false (default). This could indicate a misconfiguration which would prevent express-rate-limit from accurately identifying users. See https://express-rate-limit.github.io/ERR_ERL_UNEXPECTED_X_FORWARDED_FOR/ for more information.
2026-04-03 23:03:47 +02:00:     at Object.xForwardedForHeader (/var/dev/leafLogger/node_modules/express-rate-limit/dist/index.cjs:185:13)
2026-04-03 23:03:47 +02:00:     at wrappedValidations.<computed> [as xForwardedForHeader] (/var/dev/leafLogger/node_modules/express-rate-limit/dist/index.cjs:397:22)
2026-04-03 23:03:47 +02:00:     at Object.keyGenerator (/var/dev/leafLogger/node_modules/express-rate-limit/dist/index.cjs:658:20)
2026-04-03 23:03:47 +02:00:     at /var/dev/leafLogger/node_modules/express-rate-limit/dist/index.cjs:710:32
2026-04-03 23:03:47 +02:00:     at process.processTicksAndRejections (node:internal/process/task_queues:103:5)
2026-04-03 23:03:47 +02:00:     at async /var/dev/leafLogger/node_modules/express-rate-limit/dist/index.cjs:691:5 {
2026-04-03 23:03:47 +02:00:   code: 'ERR_ERL_UNEXPECTED_X_FORWARDED_FOR',
2026-04-03 23:03:47 +02:00:   help: 'https://express-rate-limit.github.io/ERR_ERL_UNEXPECTED_X_FORWARDED_FOR/'
2026-04-03 23:03:47 +02:00: }
2026-04-03 23:03:59 +02:00: ValidationError: The 'X-Forwarded-For' header is set but the Express 'trust proxy' setting is false (default). This could indicate a misconfiguration which would prevent express-rate-limit from accurately identifying users. See https://express-rate-limit.github.io/ERR_ERL_UNEXPECTED_X_FORWARDED_FOR/ for more information.
2026-04-03 23:03:59 +02:00:     at Object.xForwardedForHeader (/var/dev/leafLogger/node_modules/express-rate-limit/dist/index.cjs:185:13)
2026-04-03 23:03:59 +02:00:     at wrappedValidations.<computed> [as xForwardedForHeader] (/var/dev/leafLogger/node_modules/express-rate-limit/dist/index.cjs:397:22)
2026-04-03 23:03:59 +02:00:     at Object.keyGenerator (/var/dev/leafLogger/node_modules/express-rate-limit/dist/index.cjs:658:20)
2026-04-03 23:03:59 +02:00:     at /var/dev/leafLogger/node_modules/express-rate-limit/dist/index.cjs:710:32
2026-04-03 23:03:59 +02:00:     at process.processTicksAndRejections (node:internal/process/task_queues:103:5)
2026-04-03 23:03:59 +02:00:     at async /var/dev/leafLogger/node_modules/express-rate-limit/dist/index.cjs:691:5 {
2026-04-03 23:03:59 +02:00:   code: 'ERR_ERL_UNEXPECTED_X_FORWARDED_FOR',
2026-04-03 23:03:59 +02:00:   help: 'https://express-rate-limit.github.io/ERR_ERL_UNEXPECTED_X_FORWARDED_FOR/'
2026-04-03 23:03:59 +02:00: }
2026-04-03 23:17:31 +02:00: ValidationError: The 'X-Forwarded-For' header is set but the Express 'trust proxy' setting is false (default). This could indicate a misconfiguration which would prevent express-rate-limit from accurately identifying users. See https://express-rate-limit.github.io/ERR_ERL_UNEXPECTED_X_FORWARDED_FOR/ for more information.
2026-04-03 23:17:31 +02:00:     at Object.xForwardedForHeader (/var/dev/leafLogger/node_modules/express-rate-limit/dist/index.cjs:185:13)
2026-04-03 23:17:31 +02:00:     at wrappedValidations.<computed> [as xForwardedForHeader] (/var/dev/leafLogger/node_modules/express-rate-limit/dist/index.cjs:397:22)
2026-04-03 23:17:31 +02:00:     at Object.keyGenerator (/var/dev/leafLogger/node_modules/express-rate-limit/dist/index.cjs:658:20)
2026-04-03 23:17:31 +02:00:     at /var/dev/leafLogger/node_modules/express-rate-limit/dist/index.cjs:710:32
2026-04-03 23:17:31 +02:00:     at process.processTicksAndRejections (node:internal/process/task_queues:103:5)
2026-04-03 23:17:31 +02:00:     at async /var/dev/leafLogger/node_modules/express-rate-limit/dist/index.cjs:691:5 {
2026-04-03 23:17:31 +02:00:   code: 'ERR_ERL_UNEXPECTED_X_FORWARDED_FOR',
2026-04-03 23:17:31 +02:00:   help: 'https://express-rate-limit.github.io/ERR_ERL_UNEXPECTED_X_FORWARDED_FOR/'
2026-04-03 23:17:31 +02:00: }
2026-04-03 23:17:32 +02:00: ❌ Error al guardar track: Incorrect datetime value: '2026-04-03T21:18:06.000Z' for column `leafLogger`.`tracks`.`timestamp_utc` at row 1
2026-04-03 23:18:02 +02:00: ❌ Error al guardar track: Incorrect datetime value: '2026-04-03T21:18:06.000Z' for column `leafLogger`.`tracks`.`timestamp_utc` at row 1
2026-04-03 23:19:02 +02:00: ❌ Error al guardar track: Incorrect datetime value: '2026-04-03T21:18:06.000Z' for column `leafLogger`.`tracks`.`timestamp_utc` at row 1
2026-04-03 23:21:02 +02:00: ❌ Error al guardar track: Incorrect datetime value: '2026-04-03T21:18:06.000Z' for column `leafLogger`.`tracks`.`timestamp_utc` at row 1
2026-04-03 23:24:41 +02:00: ❌ Error al guardar track: Incorrect datetime value: '2024-01-15T14:30:00Z' for column `leafLogger`.`tracks`.`timestamp_utc` at row 1
2026-04-03 23:25:07 +02:00: ❌ Error al guardar track: Incorrect datetime value: '2024-01-15T14:30:00Z' for column `leafLogger`.`tracks`.`timestamp_utc` at row 1
2026-04-03 23:25:18 +02:00: ❌ Error al guardar track: Incorrect datetime value: '2024-01-15T14:30:00Z' for column `leafLogger`.`tracks`.`timestamp_utc` at row 1
2026-04-03 23:25:25 +02:00: ❌ Error al guardar track: Incorrect datetime value: '2024-01-15T14:30:00Z' for column `leafLogger`.`tracks`.`timestamp_utc` at row 1
2026-04-03 23:37:11 +02:00: ❌ Error al guardar track: Incorrect datetime value: '2024-01-15T14:30:00Z' for column `leafLogger`.`tracks`.`timestamp_utc` at row 1
2026-04-03 23:37:12 +02:00: ❌ Error al guardar track: Incorrect datetime value: '2024-01-15T14:30:00Z' for column `leafLogger`.`tracks`.`timestamp_utc` at row 1
2026-04-03 23:39:18 +02:00: 🔌 Verificando conexión a MySQL...
2026-04-03 23:39:18 +02:00: ✅ Conexión a base de datos establecida
2026-04-03 23:39:18 +02:00: 
2026-04-03 23:39:18 +02:00: ========================================
2026-04-03 23:39:18 +02:00:   🚀 GPS Logger API
2026-04-03 23:39:18 +02:00: ========================================
2026-04-03 23:39:18 +02:00: 
2026-04-03 23:39:18 +02:00: Servidor: http://localhost:3005
2026-04-03 23:39:18 +02:00: Interfaz: http://localhost:3005
2026-04-03 23:39:18 +02:00: API GPS:  POST http://localhost:3005/api/track
2026-04-03 23:39:18 +02:00: API GET:  GET  http://localhost:3005/api/tracks/:route_name
2026-04-03 23:39:18 +02:00: API Last: GET  http://localhost:3005/api/tracks/:route_name/latest
2026-04-03 23:39:18 +02:00: 
2026-04-03 23:39:18 +02:00: 📖 Parámetros GET:
2026-04-03 23:39:18 +02:00:    ?format=geojson  - Formato GeoJSON para Leaflet
2026-04-03 23:39:18 +02:00: 
2026-04-03 23:39:18 +02:00: 💻 Comandos:
2026-04-03 23:39:18 +02:00:    npm run db:build  - Crear base de datos
2026-04-03 23:39:18 +02:00:    npm start         - Iniciar servidor
2026-04-03 23:39:18 +02:00:    npm run dev       - Desarrollo con recarga
2026-04-03 23:39:18 +02:00: 
2026-04-03 23:39:21 +02:00: ValidationError: The 'X-Forwarded-For' header is set but the Express 'trust proxy' setting is false (default). This could indicate a misconfiguration which would prevent express-rate-limit from accurately identifying users. See https://express-rate-limit.github.io/ERR_ERL_UNEXPECTED_X_FORWARDED_FOR/ for more information.
2026-04-03 23:39:21 +02:00:     at Object.xForwardedForHeader (/var/dev/leafLogger/node_modules/express-rate-limit/dist/index.cjs:185:13)
2026-04-03 23:39:21 +02:00:     at wrappedValidations.<computed> [as xForwardedForHeader] (/var/dev/leafLogger/node_modules/express-rate-limit/dist/index.cjs:397:22)
2026-04-03 23:39:21 +02:00:     at Object.keyGenerator (/var/dev/leafLogger/node_modules/express-rate-limit/dist/index.cjs:658:20)
2026-04-03 23:39:21 +02:00:     at /var/dev/leafLogger/node_modules/express-rate-limit/dist/index.cjs:710:32
2026-04-03 23:39:21 +02:00:     at process.processTicksAndRejections (node:internal/process/task_queues:103:5)
2026-04-03 23:39:21 +02:00:     at async /var/dev/leafLogger/node_modules/express-rate-limit/dist/index.cjs:691:5 {
2026-04-03 23:39:21 +02:00:   code: 'ERR_ERL_UNEXPECTED_X_FORWARDED_FOR',
2026-04-03 23:39:21 +02:00:   help: 'https://express-rate-limit.github.io/ERR_ERL_UNEXPECTED_X_FORWARDED_FOR/'
2026-04-03 23:39:21 +02:00: }
2026-04-03 23:39:21 +02:00: ValidationError: The 'X-Forwarded-For' header is set but the Express 'trust proxy' setting is false (default). This could indicate a misconfiguration which would prevent express-rate-limit from accurately identifying users. See https://express-rate-limit.github.io/ERR_ERL_UNEXPECTED_X_FORWARDED_FOR/ for more information.
2026-04-03 23:39:21 +02:00:     at Object.xForwardedForHeader (/var/dev/leafLogger/node_modules/express-rate-limit/dist/index.cjs:185:13)
2026-04-03 23:39:21 +02:00:     at wrappedValidations.<computed> [as xForwardedForHeader] (/var/dev/leafLogger/node_modules/express-rate-limit/dist/index.cjs:397:22)
2026-04-03 23:39:21 +02:00:     at Object.keyGenerator (/var/dev/leafLogger/node_modules/express-rate-limit/dist/index.cjs:658:20)
2026-04-03 23:39:21 +02:00:     at /var/dev/leafLogger/node_modules/express-rate-limit/dist/index.cjs:710:32
2026-04-03 23:39:21 +02:00:     at process.processTicksAndRejections (node:internal/process/task_queues:103:5)
2026-04-03 23:39:21 +02:00:     at async /var/dev/leafLogger/node_modules/express-rate-limit/dist/index.cjs:691:5 {
2026-04-03 23:39:21 +02:00:   code: 'ERR_ERL_UNEXPECTED_X_FORWARDED_FOR',
2026-04-03 23:39:21 +02:00:   help: 'https://express-rate-limit.github.io/ERR_ERL_UNEXPECTED_X_FORWARDED_FOR/'
2026-04-03 23:39:21 +02:00: }
2026-04-04 00:05:09 +02:00: 🔌 Verificando conexión a MySQL...
2026-04-04 00:05:09 +02:00: ✅ Conexión a base de datos establecida
2026-04-04 00:05:09 +02:00: 
2026-04-04 00:05:09 +02:00: ========================================
2026-04-04 00:05:09 +02:00:   🚀 GPS Logger API
2026-04-04 00:05:09 +02:00: ========================================
2026-04-04 00:05:09 +02:00: 
2026-04-04 00:05:09 +02:00: Servidor: http://localhost:3005
2026-04-04 00:05:09 +02:00: Interfaz: http://localhost:3005
2026-04-04 00:05:09 +02:00: API GPS:  POST http://localhost:3005/api/track
2026-04-04 00:05:09 +02:00: API GET:  GET  http://localhost:3005/api/tracks/:route_name
2026-04-04 00:05:09 +02:00: API Last: GET  http://localhost:3005/api/tracks/:route_name/latest
2026-04-04 00:05:09 +02:00: API List: GET  http://localhost:3005/api/routes/all
2026-04-04 00:05:09 +02:00: 
2026-04-04 00:05:09 +02:00: 📖 Parámetros GET:
2026-04-04 00:05:09 +02:00:    ?format=geojson  - Formato GeoJSON para Leaflet
2026-04-04 00:05:09 +02:00: 
2026-04-04 00:05:09 +02:00: 💻 Comandos:
2026-04-04 00:05:09 +02:00:    npm run db:build  - Crear base de datos
2026-04-04 00:05:09 +02:00:    npm start         - Iniciar servidor
2026-04-04 00:05:09 +02:00:    npm run dev       - Desarrollo con recarga
2026-04-04 00:05:09 +02:00: 
2026-04-04 00:05:11 +02:00: ValidationError: The 'X-Forwarded-For' header is set but the Express 'trust proxy' setting is false (default). This could indicate a misconfiguration which would prevent express-rate-limit from accurately identifying users. See https://express-rate-limit.github.io/ERR_ERL_UNEXPECTED_X_FORWARDED_FOR/ for more information.
2026-04-04 00:05:11 +02:00:     at Object.xForwardedForHeader (/var/dev/leafLogger/node_modules/express-rate-limit/dist/index.cjs:185:13)
2026-04-04 00:05:11 +02:00:     at wrappedValidations.<computed> [as xForwardedForHeader] (/var/dev/leafLogger/node_modules/express-rate-limit/dist/index.cjs:397:22)
2026-04-04 00:05:11 +02:00:     at Object.keyGenerator (/var/dev/leafLogger/node_modules/express-rate-limit/dist/index.cjs:658:20)
2026-04-04 00:05:11 +02:00:     at /var/dev/leafLogger/node_modules/express-rate-limit/dist/index.cjs:710:32
2026-04-04 00:05:11 +02:00:     at async /var/dev/leafLogger/node_modules/express-rate-limit/dist/index.cjs:691:5 {
2026-04-04 00:05:11 +02:00:   code: 'ERR_ERL_UNEXPECTED_X_FORWARDED_FOR',
2026-04-04 00:05:11 +02:00:   help: 'https://express-rate-limit.github.io/ERR_ERL_UNEXPECTED_X_FORWARDED_FOR/'
2026-04-04 00:05:11 +02:00: }
2026-04-04 00:10:56 +02:00: ValidationError: The 'X-Forwarded-For' header is set but the Express 'trust proxy' setting is false (default). This could indicate a misconfiguration which would prevent express-rate-limit from accurately identifying users. See https://express-rate-limit.github.io/ERR_ERL_UNEXPECTED_X_FORWARDED_FOR/ for more information.
2026-04-04 00:10:56 +02:00:     at Object.xForwardedForHeader (/var/dev/leafLogger/node_modules/express-rate-limit/dist/index.cjs:185:13)
2026-04-04 00:10:56 +02:00:     at wrappedValidations.<computed> [as xForwardedForHeader] (/var/dev/leafLogger/node_modules/express-rate-limit/dist/index.cjs:397:22)
2026-04-04 00:10:56 +02:00:     at Object.keyGenerator (/var/dev/leafLogger/node_modules/express-rate-limit/dist/index.cjs:658:20)
2026-04-04 00:10:56 +02:00:     at /var/dev/leafLogger/node_modules/express-rate-limit/dist/index.cjs:710:32
2026-04-04 00:10:56 +02:00:     at process.processTicksAndRejections (node:internal/process/task_queues:103:5)
2026-04-04 00:10:56 +02:00:     at async /var/dev/leafLogger/node_modules/express-rate-limit/dist/index.cjs:691:5 {
2026-04-04 00:10:56 +02:00:   code: 'ERR_ERL_UNEXPECTED_X_FORWARDED_FOR',
2026-04-04 00:10:56 +02:00:   help: 'https://express-rate-limit.github.io/ERR_ERL_UNEXPECTED_X_FORWARDED_FOR/'
2026-04-04 00:10:56 +02:00: }
2026-04-04 00:15:41 +02:00: 🔌 Verificando conexión a MySQL...
2026-04-04 00:15:41 +02:00: ✅ Conexión a base de datos establecida
2026-04-04 00:15:41 +02:00: 
2026-04-04 00:15:41 +02:00: ========================================
2026-04-04 00:15:41 +02:00:   🚀 GPS Logger API
2026-04-04 00:15:41 +02:00: ========================================
2026-04-04 00:15:41 +02:00: 
2026-04-04 00:15:41 +02:00: Servidor: http://localhost:3005
2026-04-04 00:15:41 +02:00: Interfaz: http://localhost:3005
2026-04-04 00:15:41 +02:00: API GPS:  POST http://localhost:3005/api/track
2026-04-04 00:15:41 +02:00: API GET:  GET  http://localhost:3005/api/tracks/:route_name
2026-04-04 00:15:41 +02:00: API Last: GET  http://localhost:3005/api/tracks/:route_name/latest
2026-04-04 00:15:41 +02:00: API List: GET  http://localhost:3005/api/routes/all
2026-04-04 00:15:41 +02:00: 
2026-04-04 00:15:41 +02:00: 📖 Parámetros GET:
2026-04-04 00:15:41 +02:00:    ?format=geojson  - Formato GeoJSON para Leaflet
2026-04-04 00:15:41 +02:00: 
2026-04-04 00:15:41 +02:00: 💻 Comandos:
2026-04-04 00:15:41 +02:00:    npm run db:build  - Crear base de datos
2026-04-04 00:15:41 +02:00:    npm start         - Iniciar servidor
2026-04-04 00:15:41 +02:00:    npm run dev       - Desarrollo con recarga
2026-04-04 00:15:41 +02:00: 
2026-04-04 00:15:43 +02:00: ValidationError: The 'X-Forwarded-For' header is set but the Express 'trust proxy' setting is false (default). This could indicate a misconfiguration which would prevent express-rate-limit from accurately identifying users. See https://express-rate-limit.github.io/ERR_ERL_UNEXPECTED_X_FORWARDED_FOR/ for more information.
2026-04-04 00:15:43 +02:00:     at Object.xForwardedForHeader (/var/dev/leafLogger/node_modules/express-rate-limit/dist/index.cjs:185:13)
2026-04-04 00:15:43 +02:00:     at wrappedValidations.<computed> [as xForwardedForHeader] (/var/dev/leafLogger/node_modules/express-rate-limit/dist/index.cjs:397:22)
2026-04-04 00:15:43 +02:00:     at Object.keyGenerator (/var/dev/leafLogger/node_modules/express-rate-limit/dist/index.cjs:658:20)
2026-04-04 00:15:43 +02:00:     at /var/dev/leafLogger/node_modules/express-rate-limit/dist/index.cjs:710:32
2026-04-04 00:15:43 +02:00:     at async /var/dev/leafLogger/node_modules/express-rate-limit/dist/index.cjs:691:5 {
2026-04-04 00:15:43 +02:00:   code: 'ERR_ERL_UNEXPECTED_X_FORWARDED_FOR',
2026-04-04 00:15:43 +02:00:   help: 'https://express-rate-limit.github.io/ERR_ERL_UNEXPECTED_X_FORWARDED_FOR/'
2026-04-04 00:15:43 +02:00: }
2026-04-04 00:24:01 +02:00: 🔌 Verificando conexión a MySQL...
2026-04-04 00:24:01 +02:00: ✅ Conexión a base de datos establecida
2026-04-04 00:24:01 +02:00: 
2026-04-04 00:24:01 +02:00: ========================================
2026-04-04 00:24:01 +02:00:   🚀 GPS Logger API
2026-04-04 00:24:01 +02:00: ========================================
2026-04-04 00:24:01 +02:00: 
2026-04-04 00:24:01 +02:00: Servidor: http://localhost:3005
2026-04-04 00:24:01 +02:00: Interfaz: http://localhost:3005
2026-04-04 00:24:01 +02:00: API GPS:  POST http://localhost:3005/api/track
2026-04-04 00:24:01 +02:00: API GET:  GET  http://localhost:3005/api/tracks/:route_name
2026-04-04 00:24:01 +02:00: API Last: GET  http://localhost:3005/api/tracks/:route_name/latest
2026-04-04 00:24:01 +02:00: API List: GET  http://localhost:3005/api/routes/all
2026-04-04 00:24:01 +02:00: 
2026-04-04 00:24:01 +02:00: 📖 Parámetros GET:
2026-04-04 00:24:01 +02:00:    ?format=geojson  - Formato GeoJSON para Leaflet
2026-04-04 00:24:01 +02:00: 
2026-04-04 00:24:01 +02:00: 💻 Comandos:
2026-04-04 00:24:01 +02:00:    npm run db:build  - Crear base de datos
2026-04-04 00:24:01 +02:00:    npm start         - Iniciar servidor
2026-04-04 00:24:01 +02:00:    npm run dev       - Desarrollo con recarga
2026-04-04 00:24:01 +02:00: 
2026-04-04 00:24:07 +02:00: ValidationError: The 'X-Forwarded-For' header is set but the Express 'trust proxy' setting is false (default). This could indicate a misconfiguration which would prevent express-rate-limit from accurately identifying users. See https://express-rate-limit.github.io/ERR_ERL_UNEXPECTED_X_FORWARDED_FOR/ for more information.
2026-04-04 00:24:07 +02:00:     at Object.xForwardedForHeader (/var/dev/leafLogger/node_modules/express-rate-limit/dist/index.cjs:185:13)
2026-04-04 00:24:07 +02:00:     at wrappedValidations.<computed> [as xForwardedForHeader] (/var/dev/leafLogger/node_modules/express-rate-limit/dist/index.cjs:397:22)
2026-04-04 00:24:07 +02:00:     at Object.keyGenerator (/var/dev/leafLogger/node_modules/express-rate-limit/dist/index.cjs:658:20)
2026-04-04 00:24:07 +02:00:     at /var/dev/leafLogger/node_modules/express-rate-limit/dist/index.cjs:710:32
2026-04-04 00:24:07 +02:00:     at async /var/dev/leafLogger/node_modules/express-rate-limit/dist/index.cjs:691:5 {
2026-04-04 00:24:07 +02:00:   code: 'ERR_ERL_UNEXPECTED_X_FORWARDED_FOR',
2026-04-04 00:24:07 +02:00:   help: 'https://express-rate-limit.github.io/ERR_ERL_UNEXPECTED_X_FORWARDED_FOR/'
2026-04-04 00:24:07 +02:00: }
2026-04-04 00:45:43 +02:00: 🌐 CORS habilitado para: *
2026-04-04 00:45:43 +02:00: 🔌 Verificando conexión a MySQL...
2026-04-04 00:45:43 +02:00: ✅ Conexión a base de datos establecida
2026-04-04 00:45:43 +02:00: 
2026-04-04 00:45:43 +02:00: ========================================
2026-04-04 00:45:43 +02:00:   🚀 GPS Logger API
2026-04-04 00:45:43 +02:00: ========================================
2026-04-04 00:45:43 +02:00: 
2026-04-04 00:45:43 +02:00: Servidor: http://localhost:3005
2026-04-04 00:45:43 +02:00: Interfaz: http://localhost:3005
2026-04-04 00:45:43 +02:00: API GPS:  POST http://localhost:3005/api/track
2026-04-04 00:45:43 +02:00: API GET:  GET  http://localhost:3005/api/tracks/:route_name
2026-04-04 00:45:43 +02:00: API Last: GET  http://localhost:3005/api/tracks/:route_name/latest
2026-04-04 00:45:43 +02:00: API List: GET  http://localhost:3005/api/routes/all
2026-04-04 00:45:43 +02:00: 
2026-04-04 00:45:43 +02:00: 📖 Parámetros GET:
2026-04-04 00:45:43 +02:00:    ?format=geojson  - Formato GeoJSON para Leaflet
2026-04-04 00:45:43 +02:00: 
2026-04-04 00:45:43 +02:00: 💻 Comandos:
2026-04-04 00:45:43 +02:00:    npm run db:build  - Crear base de datos
2026-04-04 00:45:43 +02:00:    npm start         - Iniciar servidor
2026-04-04 00:45:43 +02:00:    npm run dev       - Desarrollo con recarga
2026-04-04 00:45:43 +02:00: 
2026-04-04 00:45:47 +02:00: ValidationError: The 'X-Forwarded-For' header is set but the Express 'trust proxy' setting is false (default). This could indicate a misconfiguration which would prevent express-rate-limit from accurately identifying users. See https://express-rate-limit.github.io/ERR_ERL_UNEXPECTED_X_FORWARDED_FOR/ for more information.
2026-04-04 00:45:47 +02:00:     at Object.xForwardedForHeader (/var/dev/leafLogger/node_modules/express-rate-limit/dist/index.cjs:185:13)
2026-04-04 00:45:47 +02:00:     at wrappedValidations.<computed> [as xForwardedForHeader] (/var/dev/leafLogger/node_modules/express-rate-limit/dist/index.cjs:397:22)
2026-04-04 00:45:47 +02:00:     at Object.keyGenerator (/var/dev/leafLogger/node_modules/express-rate-limit/dist/index.cjs:658:20)
2026-04-04 00:45:47 +02:00:     at /var/dev/leafLogger/node_modules/express-rate-limit/dist/index.cjs:710:32
2026-04-04 00:45:47 +02:00:     at async /var/dev/leafLogger/node_modules/express-rate-limit/dist/index.cjs:691:5 {
2026-04-04 00:45:47 +02:00:   code: 'ERR_ERL_UNEXPECTED_X_FORWARDED_FOR',
2026-04-04 00:45:47 +02:00:   help: 'https://express-rate-limit.github.io/ERR_ERL_UNEXPECTED_X_FORWARDED_FOR/'
2026-04-04 00:45:47 +02:00: }
2026-04-04 00:46:53 +02:00: 🌐 CORS habilitado para: https://manumontaraz.es
2026-04-04 00:46:53 +02:00: 🔌 Verificando conexión a MySQL...
2026-04-04 00:46:53 +02:00: ✅ Conexión a base de datos establecida
2026-04-04 00:46:53 +02:00: 
2026-04-04 00:46:53 +02:00: ========================================
2026-04-04 00:46:53 +02:00:   🚀 GPS Logger API
2026-04-04 00:46:53 +02:00: ========================================
2026-04-04 00:46:53 +02:00: 
2026-04-04 00:46:53 +02:00: Servidor: http://localhost:3005
2026-04-04 00:46:53 +02:00: Interfaz: http://localhost:3005
2026-04-04 00:46:53 +02:00: API GPS:  POST http://localhost:3005/api/track
2026-04-04 00:46:53 +02:00: API GET:  GET  http://localhost:3005/api/tracks/:route_name
2026-04-04 00:46:53 +02:00: API Last: GET  http://localhost:3005/api/tracks/:route_name/latest
2026-04-04 00:46:53 +02:00: API List: GET  http://localhost:3005/api/routes/all
2026-04-04 00:46:53 +02:00: 
2026-04-04 00:46:53 +02:00: 📖 Parámetros GET:
2026-04-04 00:46:53 +02:00:    ?format=geojson  - Formato GeoJSON para Leaflet
2026-04-04 00:46:53 +02:00: 
2026-04-04 00:46:53 +02:00: 💻 Comandos:
2026-04-04 00:46:53 +02:00:    npm run db:build  - Crear base de datos
2026-04-04 00:46:53 +02:00:    npm start         - Iniciar servidor
2026-04-04 00:46:53 +02:00:    npm run dev       - Desarrollo con recarga
2026-04-04 00:46:53 +02:00: 
2026-04-04 00:46:58 +02:00: ValidationError: The 'X-Forwarded-For' header is set but the Express 'trust proxy' setting is false (default). This could indicate a misconfiguration which would prevent express-rate-limit from accurately identifying users. See https://express-rate-limit.github.io/ERR_ERL_UNEXPECTED_X_FORWARDED_FOR/ for more information.
2026-04-04 00:46:58 +02:00:     at Object.xForwardedForHeader (/var/dev/leafLogger/node_modules/express-rate-limit/dist/index.cjs:185:13)
2026-04-04 00:46:58 +02:00:     at wrappedValidations.<computed> [as xForwardedForHeader] (/var/dev/leafLogger/node_modules/express-rate-limit/dist/index.cjs:397:22)
2026-04-04 00:46:58 +02:00:     at Object.keyGenerator (/var/dev/leafLogger/node_modules/express-rate-limit/dist/index.cjs:658:20)
2026-04-04 00:46:58 +02:00:     at /var/dev/leafLogger/node_modules/express-rate-limit/dist/index.cjs:710:32
2026-04-04 00:46:58 +02:00:     at async /var/dev/leafLogger/node_modules/express-rate-limit/dist/index.cjs:691:5 {
2026-04-04 00:46:58 +02:00:   code: 'ERR_ERL_UNEXPECTED_X_FORWARDED_FOR',
2026-04-04 00:46:58 +02:00:   help: 'https://express-rate-limit.github.io/ERR_ERL_UNEXPECTED_X_FORWARDED_FOR/'
2026-04-04 00:46:58 +02:00: }
2026-04-04 14:35:48 +02:00: ValidationError: The 'X-Forwarded-For' header is set but the Express 'trust proxy' setting is false (default). This could indicate a misconfiguration which would prevent express-rate-limit from accurately identifying users. See https://express-rate-limit.github.io/ERR_ERL_UNEXPECTED_X_FORWARDED_FOR/ for more information.
2026-04-04 14:35:48 +02:00:     at Object.xForwardedForHeader (/var/dev/leafLogger/node_modules/express-rate-limit/dist/index.cjs:185:13)
2026-04-04 14:35:48 +02:00:     at wrappedValidations.<computed> [as xForwardedForHeader] (/var/dev/leafLogger/node_modules/express-rate-limit/dist/index.cjs:397:22)
2026-04-04 14:35:48 +02:00:     at Object.keyGenerator (/var/dev/leafLogger/node_modules/express-rate-limit/dist/index.cjs:658:20)
2026-04-04 14:35:48 +02:00:     at /var/dev/leafLogger/node_modules/express-rate-limit/dist/index.cjs:710:32
2026-04-04 14:35:48 +02:00:     at process.processTicksAndRejections (node:internal/process/task_queues:103:5)
2026-04-04 14:35:48 +02:00:     at async /var/dev/leafLogger/node_modules/express-rate-limit/dist/index.cjs:691:5 {
2026-04-04 14:35:48 +02:00:   code: 'ERR_ERL_UNEXPECTED_X_FORWARDED_FOR',
2026-04-04 14:35:48 +02:00:   help: 'https://express-rate-limit.github.io/ERR_ERL_UNEXPECTED_X_FORWARDED_FOR/'
2026-04-04 14:35:48 +02:00: }
