2026-04-03 23:03:47 +02:00: ValidationError: The 'X-Forwarded-For' header is set but the Express 'trust proxy' setting is false (default). This could indicate a misconfiguration which would prevent express-rate-limit from accurately identifying users. See https://express-rate-limit.github.io/ERR_ERL_UNEXPECTED_X_FORWARDED_FOR/ for more information.
2026-04-03 23:03:47 +02:00:     at Object.xForwardedForHeader (/var/dev/leafLogger/node_modules/express-rate-limit/dist/index.cjs:185:13)
2026-04-03 23:03:47 +02:00:     at wrappedValidations.<computed> [as xForwardedForHeader] (/var/dev/leafLogger/node_modules/express-rate-limit/dist/index.cjs:397:22)
2026-04-03 23:03:47 +02:00:     at Object.keyGenerator (/var/dev/leafLogger/node_modules/express-rate-limit/dist/index.cjs:658:20)
2026-04-03 23:03:47 +02:00:     at /var/dev/leafLogger/node_modules/express-rate-limit/dist/index.cjs:710:32
2026-04-03 23:03:47 +02:00:     at process.processTicksAndRejections (node:internal/process/task_queues:103:5)
2026-04-03 23:03:47 +02:00:     at async /var/dev/leafLogger/node_modules/express-rate-limit/dist/index.cjs:691:5 {
2026-04-03 23:03:47 +02:00:   code: 'ERR_ERL_UNEXPECTED_X_FORWARDED_FOR',
2026-04-03 23:03:47 +02:00:   help: 'https://express-rate-limit.github.io/ERR_ERL_UNEXPECTED_X_FORWARDED_FOR/'
2026-04-03 23:03:47 +02:00: }
2026-04-03 23:03:59 +02:00: ValidationError: The 'X-Forwarded-For' header is set but the Express 'trust proxy' setting is false (default). This could indicate a misconfiguration which would prevent express-rate-limit from accurately identifying users. See https://express-rate-limit.github.io/ERR_ERL_UNEXPECTED_X_FORWARDED_FOR/ for more information.
2026-04-03 23:03:59 +02:00:     at Object.xForwardedForHeader (/var/dev/leafLogger/node_modules/express-rate-limit/dist/index.cjs:185:13)
2026-04-03 23:03:59 +02:00:     at wrappedValidations.<computed> [as xForwardedForHeader] (/var/dev/leafLogger/node_modules/express-rate-limit/dist/index.cjs:397:22)
2026-04-03 23:03:59 +02:00:     at Object.keyGenerator (/var/dev/leafLogger/node_modules/express-rate-limit/dist/index.cjs:658:20)
2026-04-03 23:03:59 +02:00:     at /var/dev/leafLogger/node_modules/express-rate-limit/dist/index.cjs:710:32
2026-04-03 23:03:59 +02:00:     at process.processTicksAndRejections (node:internal/process/task_queues:103:5)
2026-04-03 23:03:59 +02:00:     at async /var/dev/leafLogger/node_modules/express-rate-limit/dist/index.cjs:691:5 {
2026-04-03 23:03:59 +02:00:   code: 'ERR_ERL_UNEXPECTED_X_FORWARDED_FOR',
2026-04-03 23:03:59 +02:00:   help: 'https://express-rate-limit.github.io/ERR_ERL_UNEXPECTED_X_FORWARDED_FOR/'
2026-04-03 23:03:59 +02:00: }
2026-04-03 23:17:31 +02:00: ValidationError: The 'X-Forwarded-For' header is set but the Express 'trust proxy' setting is false (default). This could indicate a misconfiguration which would prevent express-rate-limit from accurately identifying users. See https://express-rate-limit.github.io/ERR_ERL_UNEXPECTED_X_FORWARDED_FOR/ for more information.
2026-04-03 23:17:31 +02:00:     at Object.xForwardedForHeader (/var/dev/leafLogger/node_modules/express-rate-limit/dist/index.cjs:185:13)
2026-04-03 23:17:31 +02:00:     at wrappedValidations.<computed> [as xForwardedForHeader] (/var/dev/leafLogger/node_modules/express-rate-limit/dist/index.cjs:397:22)
2026-04-03 23:17:31 +02:00:     at Object.keyGenerator (/var/dev/leafLogger/node_modules/express-rate-limit/dist/index.cjs:658:20)
2026-04-03 23:17:31 +02:00:     at /var/dev/leafLogger/node_modules/express-rate-limit/dist/index.cjs:710:32
2026-04-03 23:17:31 +02:00:     at process.processTicksAndRejections (node:internal/process/task_queues:103:5)
2026-04-03 23:17:31 +02:00:     at async /var/dev/leafLogger/node_modules/express-rate-limit/dist/index.cjs:691:5 {
2026-04-03 23:17:31 +02:00:   code: 'ERR_ERL_UNEXPECTED_X_FORWARDED_FOR',
2026-04-03 23:17:31 +02:00:   help: 'https://express-rate-limit.github.io/ERR_ERL_UNEXPECTED_X_FORWARDED_FOR/'
2026-04-03 23:17:31 +02:00: }
2026-04-03 23:17:32 +02:00: ❌ Error al guardar track: Incorrect datetime value: '2026-04-03T21:18:06.000Z' for column `leafLogger`.`tracks`.`timestamp_utc` at row 1
2026-04-03 23:18:02 +02:00: ❌ Error al guardar track: Incorrect datetime value: '2026-04-03T21:18:06.000Z' for column `leafLogger`.`tracks`.`timestamp_utc` at row 1
2026-04-03 23:19:02 +02:00: ❌ Error al guardar track: Incorrect datetime value: '2026-04-03T21:18:06.000Z' for column `leafLogger`.`tracks`.`timestamp_utc` at row 1
2026-04-03 23:21:02 +02:00: ❌ Error al guardar track: Incorrect datetime value: '2026-04-03T21:18:06.000Z' for column `leafLogger`.`tracks`.`timestamp_utc` at row 1
2026-04-03 23:24:41 +02:00: ❌ Error al guardar track: Incorrect datetime value: '2024-01-15T14:30:00Z' for column `leafLogger`.`tracks`.`timestamp_utc` at row 1
2026-04-03 23:25:07 +02:00: ❌ Error al guardar track: Incorrect datetime value: '2024-01-15T14:30:00Z' for column `leafLogger`.`tracks`.`timestamp_utc` at row 1
2026-04-03 23:25:18 +02:00: ❌ Error al guardar track: Incorrect datetime value: '2024-01-15T14:30:00Z' for column `leafLogger`.`tracks`.`timestamp_utc` at row 1
2026-04-03 23:25:25 +02:00: ❌ Error al guardar track: Incorrect datetime value: '2024-01-15T14:30:00Z' for column `leafLogger`.`tracks`.`timestamp_utc` at row 1
2026-04-03 23:37:11 +02:00: ❌ Error al guardar track: Incorrect datetime value: '2024-01-15T14:30:00Z' for column `leafLogger`.`tracks`.`timestamp_utc` at row 1
2026-04-03 23:37:12 +02:00: ❌ Error al guardar track: Incorrect datetime value: '2024-01-15T14:30:00Z' for column `leafLogger`.`tracks`.`timestamp_utc` at row 1
2026-04-03 23:39:21 +02:00: ValidationError: The 'X-Forwarded-For' header is set but the Express 'trust proxy' setting is false (default). This could indicate a misconfiguration which would prevent express-rate-limit from accurately identifying users. See https://express-rate-limit.github.io/ERR_ERL_UNEXPECTED_X_FORWARDED_FOR/ for more information.
2026-04-03 23:39:21 +02:00:     at Object.xForwardedForHeader (/var/dev/leafLogger/node_modules/express-rate-limit/dist/index.cjs:185:13)
2026-04-03 23:39:21 +02:00:     at wrappedValidations.<computed> [as xForwardedForHeader] (/var/dev/leafLogger/node_modules/express-rate-limit/dist/index.cjs:397:22)
2026-04-03 23:39:21 +02:00:     at Object.keyGenerator (/var/dev/leafLogger/node_modules/express-rate-limit/dist/index.cjs:658:20)
2026-04-03 23:39:21 +02:00:     at /var/dev/leafLogger/node_modules/express-rate-limit/dist/index.cjs:710:32
2026-04-03 23:39:21 +02:00:     at process.processTicksAndRejections (node:internal/process/task_queues:103:5)
2026-04-03 23:39:21 +02:00:     at async /var/dev/leafLogger/node_modules/express-rate-limit/dist/index.cjs:691:5 {
2026-04-03 23:39:21 +02:00:   code: 'ERR_ERL_UNEXPECTED_X_FORWARDED_FOR',
2026-04-03 23:39:21 +02:00:   help: 'https://express-rate-limit.github.io/ERR_ERL_UNEXPECTED_X_FORWARDED_FOR/'
2026-04-03 23:39:21 +02:00: }
2026-04-03 23:39:21 +02:00: ValidationError: The 'X-Forwarded-For' header is set but the Express 'trust proxy' setting is false (default). This could indicate a misconfiguration which would prevent express-rate-limit from accurately identifying users. See https://express-rate-limit.github.io/ERR_ERL_UNEXPECTED_X_FORWARDED_FOR/ for more information.
2026-04-03 23:39:21 +02:00:     at Object.xForwardedForHeader (/var/dev/leafLogger/node_modules/express-rate-limit/dist/index.cjs:185:13)
2026-04-03 23:39:21 +02:00:     at wrappedValidations.<computed> [as xForwardedForHeader] (/var/dev/leafLogger/node_modules/express-rate-limit/dist/index.cjs:397:22)
2026-04-03 23:39:21 +02:00:     at Object.keyGenerator (/var/dev/leafLogger/node_modules/express-rate-limit/dist/index.cjs:658:20)
2026-04-03 23:39:21 +02:00:     at /var/dev/leafLogger/node_modules/express-rate-limit/dist/index.cjs:710:32
2026-04-03 23:39:21 +02:00:     at process.processTicksAndRejections (node:internal/process/task_queues:103:5)
2026-04-03 23:39:21 +02:00:     at async /var/dev/leafLogger/node_modules/express-rate-limit/dist/index.cjs:691:5 {
2026-04-03 23:39:21 +02:00:   code: 'ERR_ERL_UNEXPECTED_X_FORWARDED_FOR',
2026-04-03 23:39:21 +02:00:   help: 'https://express-rate-limit.github.io/ERR_ERL_UNEXPECTED_X_FORWARDED_FOR/'
2026-04-03 23:39:21 +02:00: }
2026-04-04 00:05:11 +02:00: ValidationError: The 'X-Forwarded-For' header is set but the Express 'trust proxy' setting is false (default). This could indicate a misconfiguration which would prevent express-rate-limit from accurately identifying users. See https://express-rate-limit.github.io/ERR_ERL_UNEXPECTED_X_FORWARDED_FOR/ for more information.
2026-04-04 00:05:11 +02:00:     at Object.xForwardedForHeader (/var/dev/leafLogger/node_modules/express-rate-limit/dist/index.cjs:185:13)
2026-04-04 00:05:11 +02:00:     at wrappedValidations.<computed> [as xForwardedForHeader] (/var/dev/leafLogger/node_modules/express-rate-limit/dist/index.cjs:397:22)
2026-04-04 00:05:11 +02:00:     at Object.keyGenerator (/var/dev/leafLogger/node_modules/express-rate-limit/dist/index.cjs:658:20)
2026-04-04 00:05:11 +02:00:     at /var/dev/leafLogger/node_modules/express-rate-limit/dist/index.cjs:710:32
2026-04-04 00:05:11 +02:00:     at async /var/dev/leafLogger/node_modules/express-rate-limit/dist/index.cjs:691:5 {
2026-04-04 00:05:11 +02:00:   code: 'ERR_ERL_UNEXPECTED_X_FORWARDED_FOR',
2026-04-04 00:05:11 +02:00:   help: 'https://express-rate-limit.github.io/ERR_ERL_UNEXPECTED_X_FORWARDED_FOR/'
2026-04-04 00:05:11 +02:00: }
2026-04-04 00:10:56 +02:00: ValidationError: The 'X-Forwarded-For' header is set but the Express 'trust proxy' setting is false (default). This could indicate a misconfiguration which would prevent express-rate-limit from accurately identifying users. See https://express-rate-limit.github.io/ERR_ERL_UNEXPECTED_X_FORWARDED_FOR/ for more information.
2026-04-04 00:10:56 +02:00:     at Object.xForwardedForHeader (/var/dev/leafLogger/node_modules/express-rate-limit/dist/index.cjs:185:13)
2026-04-04 00:10:56 +02:00:     at wrappedValidations.<computed> [as xForwardedForHeader] (/var/dev/leafLogger/node_modules/express-rate-limit/dist/index.cjs:397:22)
2026-04-04 00:10:56 +02:00:     at Object.keyGenerator (/var/dev/leafLogger/node_modules/express-rate-limit/dist/index.cjs:658:20)
2026-04-04 00:10:56 +02:00:     at /var/dev/leafLogger/node_modules/express-rate-limit/dist/index.cjs:710:32
2026-04-04 00:10:56 +02:00:     at process.processTicksAndRejections (node:internal/process/task_queues:103:5)
2026-04-04 00:10:56 +02:00:     at async /var/dev/leafLogger/node_modules/express-rate-limit/dist/index.cjs:691:5 {
2026-04-04 00:10:56 +02:00:   code: 'ERR_ERL_UNEXPECTED_X_FORWARDED_FOR',
2026-04-04 00:10:56 +02:00:   help: 'https://express-rate-limit.github.io/ERR_ERL_UNEXPECTED_X_FORWARDED_FOR/'
2026-04-04 00:10:56 +02:00: }
2026-04-04 00:15:43 +02:00: ValidationError: The 'X-Forwarded-For' header is set but the Express 'trust proxy' setting is false (default). This could indicate a misconfiguration which would prevent express-rate-limit from accurately identifying users. See https://express-rate-limit.github.io/ERR_ERL_UNEXPECTED_X_FORWARDED_FOR/ for more information.
2026-04-04 00:15:43 +02:00:     at Object.xForwardedForHeader (/var/dev/leafLogger/node_modules/express-rate-limit/dist/index.cjs:185:13)
2026-04-04 00:15:43 +02:00:     at wrappedValidations.<computed> [as xForwardedForHeader] (/var/dev/leafLogger/node_modules/express-rate-limit/dist/index.cjs:397:22)
2026-04-04 00:15:43 +02:00:     at Object.keyGenerator (/var/dev/leafLogger/node_modules/express-rate-limit/dist/index.cjs:658:20)
2026-04-04 00:15:43 +02:00:     at /var/dev/leafLogger/node_modules/express-rate-limit/dist/index.cjs:710:32
2026-04-04 00:15:43 +02:00:     at async /var/dev/leafLogger/node_modules/express-rate-limit/dist/index.cjs:691:5 {
2026-04-04 00:15:43 +02:00:   code: 'ERR_ERL_UNEXPECTED_X_FORWARDED_FOR',
2026-04-04 00:15:43 +02:00:   help: 'https://express-rate-limit.github.io/ERR_ERL_UNEXPECTED_X_FORWARDED_FOR/'
2026-04-04 00:15:43 +02:00: }
2026-04-04 00:24:07 +02:00: ValidationError: The 'X-Forwarded-For' header is set but the Express 'trust proxy' setting is false (default). This could indicate a misconfiguration which would prevent express-rate-limit from accurately identifying users. See https://express-rate-limit.github.io/ERR_ERL_UNEXPECTED_X_FORWARDED_FOR/ for more information.
2026-04-04 00:24:07 +02:00:     at Object.xForwardedForHeader (/var/dev/leafLogger/node_modules/express-rate-limit/dist/index.cjs:185:13)
2026-04-04 00:24:07 +02:00:     at wrappedValidations.<computed> [as xForwardedForHeader] (/var/dev/leafLogger/node_modules/express-rate-limit/dist/index.cjs:397:22)
2026-04-04 00:24:07 +02:00:     at Object.keyGenerator (/var/dev/leafLogger/node_modules/express-rate-limit/dist/index.cjs:658:20)
2026-04-04 00:24:07 +02:00:     at /var/dev/leafLogger/node_modules/express-rate-limit/dist/index.cjs:710:32
2026-04-04 00:24:07 +02:00:     at async /var/dev/leafLogger/node_modules/express-rate-limit/dist/index.cjs:691:5 {
2026-04-04 00:24:07 +02:00:   code: 'ERR_ERL_UNEXPECTED_X_FORWARDED_FOR',
2026-04-04 00:24:07 +02:00:   help: 'https://express-rate-limit.github.io/ERR_ERL_UNEXPECTED_X_FORWARDED_FOR/'
2026-04-04 00:24:07 +02:00: }
2026-04-04 00:45:47 +02:00: ValidationError: The 'X-Forwarded-For' header is set but the Express 'trust proxy' setting is false (default). This could indicate a misconfiguration which would prevent express-rate-limit from accurately identifying users. See https://express-rate-limit.github.io/ERR_ERL_UNEXPECTED_X_FORWARDED_FOR/ for more information.
2026-04-04 00:45:47 +02:00:     at Object.xForwardedForHeader (/var/dev/leafLogger/node_modules/express-rate-limit/dist/index.cjs:185:13)
2026-04-04 00:45:47 +02:00:     at wrappedValidations.<computed> [as xForwardedForHeader] (/var/dev/leafLogger/node_modules/express-rate-limit/dist/index.cjs:397:22)
2026-04-04 00:45:47 +02:00:     at Object.keyGenerator (/var/dev/leafLogger/node_modules/express-rate-limit/dist/index.cjs:658:20)
2026-04-04 00:45:47 +02:00:     at /var/dev/leafLogger/node_modules/express-rate-limit/dist/index.cjs:710:32
2026-04-04 00:45:47 +02:00:     at async /var/dev/leafLogger/node_modules/express-rate-limit/dist/index.cjs:691:5 {
2026-04-04 00:45:47 +02:00:   code: 'ERR_ERL_UNEXPECTED_X_FORWARDED_FOR',
2026-04-04 00:45:47 +02:00:   help: 'https://express-rate-limit.github.io/ERR_ERL_UNEXPECTED_X_FORWARDED_FOR/'
2026-04-04 00:45:47 +02:00: }
2026-04-04 00:46:58 +02:00: ValidationError: The 'X-Forwarded-For' header is set but the Express 'trust proxy' setting is false (default). This could indicate a misconfiguration which would prevent express-rate-limit from accurately identifying users. See https://express-rate-limit.github.io/ERR_ERL_UNEXPECTED_X_FORWARDED_FOR/ for more information.
2026-04-04 00:46:58 +02:00:     at Object.xForwardedForHeader (/var/dev/leafLogger/node_modules/express-rate-limit/dist/index.cjs:185:13)
2026-04-04 00:46:58 +02:00:     at wrappedValidations.<computed> [as xForwardedForHeader] (/var/dev/leafLogger/node_modules/express-rate-limit/dist/index.cjs:397:22)
2026-04-04 00:46:58 +02:00:     at Object.keyGenerator (/var/dev/leafLogger/node_modules/express-rate-limit/dist/index.cjs:658:20)
2026-04-04 00:46:58 +02:00:     at /var/dev/leafLogger/node_modules/express-rate-limit/dist/index.cjs:710:32
2026-04-04 00:46:58 +02:00:     at async /var/dev/leafLogger/node_modules/express-rate-limit/dist/index.cjs:691:5 {
2026-04-04 00:46:58 +02:00:   code: 'ERR_ERL_UNEXPECTED_X_FORWARDED_FOR',
2026-04-04 00:46:58 +02:00:   help: 'https://express-rate-limit.github.io/ERR_ERL_UNEXPECTED_X_FORWARDED_FOR/'
2026-04-04 00:46:58 +02:00: }
2026-04-04 14:35:48 +02:00: ValidationError: The 'X-Forwarded-For' header is set but the Express 'trust proxy' setting is false (default). This could indicate a misconfiguration which would prevent express-rate-limit from accurately identifying users. See https://express-rate-limit.github.io/ERR_ERL_UNEXPECTED_X_FORWARDED_FOR/ for more information.
2026-04-04 14:35:48 +02:00:     at Object.xForwardedForHeader (/var/dev/leafLogger/node_modules/express-rate-limit/dist/index.cjs:185:13)
2026-04-04 14:35:48 +02:00:     at wrappedValidations.<computed> [as xForwardedForHeader] (/var/dev/leafLogger/node_modules/express-rate-limit/dist/index.cjs:397:22)
2026-04-04 14:35:48 +02:00:     at Object.keyGenerator (/var/dev/leafLogger/node_modules/express-rate-limit/dist/index.cjs:658:20)
2026-04-04 14:35:48 +02:00:     at /var/dev/leafLogger/node_modules/express-rate-limit/dist/index.cjs:710:32
2026-04-04 14:35:48 +02:00:     at process.processTicksAndRejections (node:internal/process/task_queues:103:5)
2026-04-04 14:35:48 +02:00:     at async /var/dev/leafLogger/node_modules/express-rate-limit/dist/index.cjs:691:5 {
2026-04-04 14:35:48 +02:00:   code: 'ERR_ERL_UNEXPECTED_X_FORWARDED_FOR',
2026-04-04 14:35:48 +02:00:   help: 'https://express-rate-limit.github.io/ERR_ERL_UNEXPECTED_X_FORWARDED_FOR/'
2026-04-04 14:35:48 +02:00: }
2026-05-08 04:56:09 +02:00: ValidationError: The 'X-Forwarded-For' header is set but the Express 'trust proxy' setting is false (default). This could indicate a misconfiguration which would prevent express-rate-limit from accurately identifying users. See https://express-rate-limit.github.io/ERR_ERL_UNEXPECTED_X_FORWARDED_FOR/ for more information.
2026-05-08 04:56:09 +02:00:     at Object.xForwardedForHeader (/var/dev/leafLogger/node_modules/express-rate-limit/dist/index.cjs:185:13)
2026-05-08 04:56:09 +02:00:     at wrappedValidations.<computed> [as xForwardedForHeader] (/var/dev/leafLogger/node_modules/express-rate-limit/dist/index.cjs:397:22)
2026-05-08 04:56:09 +02:00:     at Object.keyGenerator (/var/dev/leafLogger/node_modules/express-rate-limit/dist/index.cjs:658:20)
2026-05-08 04:56:09 +02:00:     at /var/dev/leafLogger/node_modules/express-rate-limit/dist/index.cjs:710:32
2026-05-08 04:56:09 +02:00:     at async /var/dev/leafLogger/node_modules/express-rate-limit/dist/index.cjs:691:5 {
2026-05-08 04:56:09 +02:00:   code: 'ERR_ERL_UNEXPECTED_X_FORWARDED_FOR',
2026-05-08 04:56:09 +02:00:   help: 'https://express-rate-limit.github.io/ERR_ERL_UNEXPECTED_X_FORWARDED_FOR/'
2026-05-08 04:56:09 +02:00: }
2026-05-18 23:30:29 +02:00: ValidationError: The 'X-Forwarded-For' header is set but the Express 'trust proxy' setting is false (default). This could indicate a misconfiguration which would prevent express-rate-limit from accurately identifying users. See https://express-rate-limit.github.io/ERR_ERL_UNEXPECTED_X_FORWARDED_FOR/ for more information.
2026-05-18 23:30:29 +02:00:     at Object.xForwardedForHeader (/var/dev/leafLogger/node_modules/express-rate-limit/dist/index.cjs:185:13)
2026-05-18 23:30:29 +02:00:     at wrappedValidations.<computed> [as xForwardedForHeader] (/var/dev/leafLogger/node_modules/express-rate-limit/dist/index.cjs:397:22)
2026-05-18 23:30:29 +02:00:     at Object.keyGenerator (/var/dev/leafLogger/node_modules/express-rate-limit/dist/index.cjs:658:20)
2026-05-18 23:30:29 +02:00:     at /var/dev/leafLogger/node_modules/express-rate-limit/dist/index.cjs:710:32
2026-05-18 23:30:29 +02:00:     at async /var/dev/leafLogger/node_modules/express-rate-limit/dist/index.cjs:691:5 {
2026-05-18 23:30:29 +02:00:   code: 'ERR_ERL_UNEXPECTED_X_FORWARDED_FOR',
2026-05-18 23:30:29 +02:00:   help: 'https://express-rate-limit.github.io/ERR_ERL_UNEXPECTED_X_FORWARDED_FOR/'
2026-05-18 23:30:29 +02:00: }
2026-06-03 07:08:03 +02:00: ValidationError: The 'X-Forwarded-For' header is set but the Express 'trust proxy' setting is false (default). This could indicate a misconfiguration which would prevent express-rate-limit from accurately identifying users. See https://express-rate-limit.github.io/ERR_ERL_UNEXPECTED_X_FORWARDED_FOR/ for more information.
2026-06-03 07:08:03 +02:00:     at Object.xForwardedForHeader (/var/dev/leafLogger/node_modules/express-rate-limit/dist/index.cjs:185:13)
2026-06-03 07:08:03 +02:00:     at wrappedValidations.<computed> [as xForwardedForHeader] (/var/dev/leafLogger/node_modules/express-rate-limit/dist/index.cjs:397:22)
2026-06-03 07:08:03 +02:00:     at Object.keyGenerator (/var/dev/leafLogger/node_modules/express-rate-limit/dist/index.cjs:658:20)
2026-06-03 07:08:03 +02:00:     at /var/dev/leafLogger/node_modules/express-rate-limit/dist/index.cjs:710:32
2026-06-03 07:08:03 +02:00:     at async /var/dev/leafLogger/node_modules/express-rate-limit/dist/index.cjs:691:5 {
2026-06-03 07:08:03 +02:00:   code: 'ERR_ERL_UNEXPECTED_X_FORWARDED_FOR',
2026-06-03 07:08:03 +02:00:   help: 'https://express-rate-limit.github.io/ERR_ERL_UNEXPECTED_X_FORWARDED_FOR/'
2026-06-03 07:08:03 +02:00: }
2026-06-30 06:36:40 +02:00: ValidationError: The 'X-Forwarded-For' header is set but the Express 'trust proxy' setting is false (default). This could indicate a misconfiguration which would prevent express-rate-limit from accurately identifying users. See https://express-rate-limit.github.io/ERR_ERL_UNEXPECTED_X_FORWARDED_FOR/ for more information.
2026-06-30 06:36:40 +02:00:     at Object.xForwardedForHeader (/var/dev/leafLogger/node_modules/express-rate-limit/dist/index.cjs:185:13)
2026-06-30 06:36:40 +02:00:     at wrappedValidations.<computed> [as xForwardedForHeader] (/var/dev/leafLogger/node_modules/express-rate-limit/dist/index.cjs:397:22)
2026-06-30 06:36:40 +02:00:     at Object.keyGenerator (/var/dev/leafLogger/node_modules/express-rate-limit/dist/index.cjs:658:20)
2026-06-30 06:36:40 +02:00:     at /var/dev/leafLogger/node_modules/express-rate-limit/dist/index.cjs:710:32
2026-06-30 06:36:40 +02:00:     at async /var/dev/leafLogger/node_modules/express-rate-limit/dist/index.cjs:691:5 {
2026-06-30 06:36:40 +02:00:   code: 'ERR_ERL_UNEXPECTED_X_FORWARDED_FOR',
2026-06-30 06:36:40 +02:00:   help: 'https://express-rate-limit.github.io/ERR_ERL_UNEXPECTED_X_FORWARDED_FOR/'
2026-06-30 06:36:40 +02:00: }
2026-07-03 22:21:16 +02:00: ValidationError: The 'X-Forwarded-For' header is set but the Express 'trust proxy' setting is false (default). This could indicate a misconfiguration which would prevent express-rate-limit from accurately identifying users. See https://express-rate-limit.github.io/ERR_ERL_UNEXPECTED_X_FORWARDED_FOR/ for more information.
2026-07-03 22:21:16 +02:00:     at Object.xForwardedForHeader (/var/dev/leafLogger/node_modules/express-rate-limit/dist/index.cjs:185:13)
2026-07-03 22:21:16 +02:00:     at wrappedValidations.<computed> [as xForwardedForHeader] (/var/dev/leafLogger/node_modules/express-rate-limit/dist/index.cjs:397:22)
2026-07-03 22:21:16 +02:00:     at Object.keyGenerator (/var/dev/leafLogger/node_modules/express-rate-limit/dist/index.cjs:658:20)
2026-07-03 22:21:16 +02:00:     at /var/dev/leafLogger/node_modules/express-rate-limit/dist/index.cjs:710:32
2026-07-03 22:21:16 +02:00:     at async /var/dev/leafLogger/node_modules/express-rate-limit/dist/index.cjs:691:5 {
2026-07-03 22:21:16 +02:00:   code: 'ERR_ERL_UNEXPECTED_X_FORWARDED_FOR',
2026-07-03 22:21:16 +02:00:   help: 'https://express-rate-limit.github.io/ERR_ERL_UNEXPECTED_X_FORWARDED_FOR/'
2026-07-03 22:21:16 +02:00: }
